[2026-03-05T14:57:10.328Z] [AUTH-QA VUL-58/63/64] starting admin signoff flow
[2026-03-05T14:57:11.196Z] [AUTH-QA VUL-58/63/64] provisioned QA Clerk user clerk_user_id=user_3AWyThXArgPs8vImwJc6H0ew94h email=authqa+admin.1772722630334.f2425830@example.com
[2026-03-05T14:57:12.136Z] [AUTH-QA VUL-58/63/64] generated QA sign-in ticket (pre-assignment) for user_3AWyThXArgPs8vImwJc6H0ew94h
[2026-03-05T14:57:14.156Z] [AUTH-QA VUL-58/63/64] web reachable (qa-pre) at http://127.0.0.1:19083
[2026-03-05T14:57:20.188Z] [AUTH-QA VUL-58/63/64] QA user mapped to vulu_user_id=0c96b628-cae9-44ab-bfc7-bf79c2c500d2
[2026-03-05T14:57:22.033Z] [AUTH-QA VUL-58/63/64] captured Access Denied screenshot: /Users/omid/vulux1/docs/qa/vul-58-63-64-before-access-denied.png
[2026-03-05T14:57:22.034Z] $ /Users/omid/.local/bin/spacetime sql vulu "SELECT id, vulu_user_id, role, granted_at, granted_by FROM user_role WHERE vulu_user_id = '0c96b628-cae9-44ab-bfc7-bf79c2c500d2'" --server maincloud
[2026-03-05T14:57:23.104Z] id                                           | vulu_user_id                           | role   | granted_at                       | granted_by  
----------------------------------------------+----------------------------------------+--------+----------------------------------+-------------
 "0c96b628-cae9-44ab-bfc7-bf79c2c500d2::user" | "0c96b628-cae9-44ab-bfc7-bf79c2c500d2" | "user" | 2026-03-05T14:57:21.567648+00:00 | (none = ())
WARNING: This command is UNSTABLE and subject to breaking changes.
[2026-03-05T14:57:23.120Z] $ /Users/omid/.local/bin/spacetime sql vulu "UPDATE user_role SET id = '0c96b628-cae9-44ab-bfc7-bf79c2c500d2::admin', role = 'admin' WHERE id = '0c96b628-cae9-44ab-bfc7-bf79c2c500d2::user'" --server maincloud
[2026-03-05T14:57:24.253Z] WARNING: This command is UNSTABLE and subject to breaking changes.
[2026-03-05T14:57:24.255Z] $ /Users/omid/.local/bin/spacetime sql vulu "SELECT id, vulu_user_id, role, granted_at, granted_by FROM user_role WHERE vulu_user_id = '0c96b628-cae9-44ab-bfc7-bf79c2c500d2'" --server maincloud
[2026-03-05T14:57:25.406Z] id                                            | vulu_user_id                           | role    | granted_at                       | granted_by  
-----------------------------------------------+----------------------------------------+---------+----------------------------------+-------------
 "0c96b628-cae9-44ab-bfc7-bf79c2c500d2::admin" | "0c96b628-cae9-44ab-bfc7-bf79c2c500d2" | "admin" | 2026-03-05T14:57:21.567648+00:00 | (none = ())
WARNING: This command is UNSTABLE and subject to breaking changes.
[2026-03-05T14:57:25.408Z] [AUTH-QA VUL-58/63/64] SQL role assignment set 0c96b628-cae9-44ab-bfc7-bf79c2c500d2 => admin
[2026-03-05T14:57:25.721Z] [AUTH-QA VUL-58/63/64] generated QA sign-in ticket (post-assignment) for user_3AWyThXArgPs8vImwJc6H0ew94h
[2026-03-05T14:57:27.804Z] [AUTH-QA VUL-58/63/64] web reachable (qa-post) at http://127.0.0.1:19083
[2026-03-05T14:57:41.305Z] [AUTH-QA VUL-58/63/64] QA my_roles=["admin","user"]
[2026-03-05T14:57:41.309Z] [AUTH-QA VUL-58/63/64] post-role page url=http://127.0.0.1:19083/admin
[2026-03-05T14:57:41.312Z] [AUTH-QA VUL-58/63/64] admin gate secret source=qa_default
[2026-03-05T14:57:41.437Z] [AUTH-QA VUL-58/63/64] captured Admin access screenshot: /Users/omid/vulux1/docs/qa/vul-58-63-64-after-admin-access.png
[2026-03-05T14:57:41.482Z] $ /Users/omid/.local/bin/spacetime sql vulu "SELECT id, enabled, entry_amount_cash, draw_duration_minutes, draw_interval_minutes, autoplay_enabled, updated_by, updated_at FROM event_widget_config_item" --server maincloud
[2026-03-05T14:57:42.628Z] id | enabled | entry_amount_cash | draw_duration_minutes | draw_interval_minutes | autoplay_enabled | updated_by | updated_at 
----+---------+-------------------+-----------------------+-----------------------+------------------+------------+------------
WARNING: This command is UNSTABLE and subject to breaking changes.
[2026-03-05T14:57:42.632Z] [AUTH-QA VUL-58/63/64] event config target={"enabled":false,"entryAmountCash":137,"drawDurationMinutes":9,"drawIntervalMinutes":4,"autoplayEnabled":false} current={"enabled":true,"entryAmountCash":0,"drawDurationMinutes":3,"drawIntervalMinutes":3,"autoplayEnabled":true}
[2026-03-05T14:57:43.641Z] [AUTH-QA VUL-58/63/64] captured Events write screenshot: /Users/omid/vulux1/docs/qa/vul-58-63-64-events-after-writes.png
[2026-03-05T14:57:43.641Z] $ /Users/omid/.local/bin/spacetime sql vulu "SELECT id, enabled, entry_amount_cash, draw_duration_minutes, draw_interval_minutes, autoplay_enabled, updated_by, updated_at FROM event_widget_config_item WHERE updated_by = '0c96b628-cae9-44ab-bfc7-bf79c2c500d2'" --server maincloud
[2026-03-05T14:57:44.678Z] id       | enabled | entry_amount_cash | draw_duration_minutes | draw_interval_minutes | autoplay_enabled | updated_by                             | updated_at                       
----------+---------+-------------------+-----------------------+-----------------------+------------------+----------------------------------------+----------------------------------
 "global" | false   | 137               | 9                     | 4                     | false            | "0c96b628-cae9-44ab-bfc7-bf79c2c500d2" | 2026-03-05T14:57:43.046568+00:00
WARNING: This command is UNSTABLE and subject to breaking changes.
[2026-03-05T14:57:44.679Z] $ /Users/omid/.local/bin/spacetime sql vulu "SELECT id, action, actor_user_id, created_at, item FROM event_widget_config_audit_item WHERE actor_user_id = '0c96b628-cae9-44ab-bfc7-bf79c2c500d2'" --server maincloud
[2026-03-05T14:57:45.735Z] id                                               | action                        | actor_user_id                          | created_at                       | item                                                                                                                                                                                                                                                                                                                                                                                                                                                                                                                                                                                                                                                                                          
--------------------------------------------------+-------------------------------+----------------------------------------+----------------------------------+-----------------------------------------------------------------------------------------------------------------------------------------------------------------------------------------------------------------------------------------------------------------------------------------------------------------------------------------------------------------------------------------------------------------------------------------------------------------------------------------------------------------------------------------------------------------------------------------------------------------------------------------------------------------------------------------------
 "event-widget-config-audit-1772722662853-0ub6qp" | "event_widget_disabled"       | "0c96b628-cae9-44ab-bfc7-bf79c2c500d2" | 2026-03-05T14:57:42.853158+00:00 | "{"category":"event_widget_config","actionType":"event_widget_disabled","actorUserId":"0c96b628-cae9-44ab-bfc7-bf79c2c500d2","changedFields":["enabled"],"previousConfig":{"enabled":true,"entryAmountCash":0,"drawDurationMinutes":1440,"drawIntervalMinutes":15,"autoplayEnabled":true,"updatedBy":"system","updatedAtMs":1772722662853},"nextConfig":{"enabled":false,"entryAmountCash":0,"drawDurationMinutes":1440,"drawIntervalMinutes":15,"autoplayEnabled":true,"updatedBy":"0c96b628-cae9-44ab-bfc7-bf79c2c500d2","updatedAtMs":1772722662853},"createdAt":1772722662853}"                                                                                                           
 "event-widget-config-audit-1772722663046-6n3khs" | "event_widget_config_updated" | "0c96b628-cae9-44ab-bfc7-bf79c2c500d2" | 2026-03-05T14:57:43.046568+00:00 | "{"category":"event_widget_config","actionType":"event_widget_config_updated","actorUserId":"0c96b628-cae9-44ab-bfc7-bf79c2c500d2","changedFields":["entryAmountCash","drawDurationMinutes","drawIntervalMinutes","autoplayEnabled"],"previousConfig":{"enabled":false,"entryAmountCash":0,"drawDurationMinutes":1440,"drawIntervalMinutes":15,"autoplayEnabled":true,"updatedBy":"0c96b628-cae9-44ab-bfc7-bf79c2c500d2","updatedAtMs":1772722662853},"nextConfig":{"enabled":false,"entryAmountCash":137,"drawDurationMinutes":9,"drawIntervalMinutes":4,"autoplayEnabled":false,"updatedBy":"0c96b628-cae9-44ab-bfc7-bf79c2c500d2","updatedAtMs":1772722663046},"createdAt":1772722663046}"
WARNING: This command is UNSTABLE and subject to breaking changes.
[2026-03-05T14:57:45.736Z] $ /Users/omid/.local/bin/spacetime sql vulu "SELECT id, action, actor_user_id, created_at, item FROM event_widget_config_audit_item WHERE actor_user_id = '0c96b628-cae9-44ab-bfc7-bf79c2c500d2'" --server maincloud
[2026-03-05T14:57:47.302Z] id                                               | action                        | actor_user_id                          | created_at                       | item                                                                                                                                                                                                                                                                                                                                                                                                                                                                                                                                                                                                                                                                                          
--------------------------------------------------+-------------------------------+----------------------------------------+----------------------------------+-----------------------------------------------------------------------------------------------------------------------------------------------------------------------------------------------------------------------------------------------------------------------------------------------------------------------------------------------------------------------------------------------------------------------------------------------------------------------------------------------------------------------------------------------------------------------------------------------------------------------------------------------------------------------------------------------
 "event-widget-config-audit-1772722662853-0ub6qp" | "event_widget_disabled"       | "0c96b628-cae9-44ab-bfc7-bf79c2c500d2" | 2026-03-05T14:57:42.853158+00:00 | "{"category":"event_widget_config","actionType":"event_widget_disabled","actorUserId":"0c96b628-cae9-44ab-bfc7-bf79c2c500d2","changedFields":["enabled"],"previousConfig":{"enabled":true,"entryAmountCash":0,"drawDurationMinutes":1440,"drawIntervalMinutes":15,"autoplayEnabled":true,"updatedBy":"system","updatedAtMs":1772722662853},"nextConfig":{"enabled":false,"entryAmountCash":0,"drawDurationMinutes":1440,"drawIntervalMinutes":15,"autoplayEnabled":true,"updatedBy":"0c96b628-cae9-44ab-bfc7-bf79c2c500d2","updatedAtMs":1772722662853},"createdAt":1772722662853}"                                                                                                           
 "event-widget-config-audit-1772722663046-6n3khs" | "event_widget_config_updated" | "0c96b628-cae9-44ab-bfc7-bf79c2c500d2" | 2026-03-05T14:57:43.046568+00:00 | "{"category":"event_widget_config","actionType":"event_widget_config_updated","actorUserId":"0c96b628-cae9-44ab-bfc7-bf79c2c500d2","changedFields":["entryAmountCash","drawDurationMinutes","drawIntervalMinutes","autoplayEnabled"],"previousConfig":{"enabled":false,"entryAmountCash":0,"drawDurationMinutes":1440,"drawIntervalMinutes":15,"autoplayEnabled":true,"updatedBy":"0c96b628-cae9-44ab-bfc7-bf79c2c500d2","updatedAtMs":1772722662853},"nextConfig":{"enabled":false,"entryAmountCash":137,"drawDurationMinutes":9,"drawIntervalMinutes":4,"autoplayEnabled":false,"updatedBy":"0c96b628-cae9-44ab-bfc7-bf79c2c500d2","updatedAtMs":1772722663046},"createdAt":1772722663046}"
WARNING: This command is UNSTABLE and subject to breaking changes.
[2026-03-05T14:57:47.317Z] [AUTH-QA VUL-58/63/64] completed successfully
[2026-03-05T14:57:47.318Z] [AUTH-QA VUL-58/63/64] artifacts: {"log":"/Users/omid/vulux1/docs/qa/vul-58-63-64-admin-signoff.log","beforeDeniedScreenshot":"/Users/omid/vulux1/docs/qa/vul-58-63-64-before-access-denied.png","afterAccessScreenshot":"/Users/omid/vulux1/docs/qa/vul-58-63-64-after-admin-access.png","afterWriteScreenshot":"/Users/omid/vulux1/docs/qa/vul-58-63-64-events-after-writes.png","roleBefore":"/Users/omid/vulux1/docs/qa/vul-58-63-64-role-before.txt","roleAfter":"/Users/omid/vulux1/docs/qa/vul-58-63-64-role-after.txt","configBefore":"/Users/omid/vulux1/docs/qa/vul-58-63-64-config-before.txt","configAfter":"/Users/omid/vulux1/docs/qa/vul-58-63-64-config-after.txt","auditAfter":"/Users/omid/vulux1/docs/qa/vul-58-63-64-audit-after.txt"}
